<?xml version="1.0" encoding="UTF-8"?>
<testng-results ignored="0" total="1" passed="1" failed="0" skipped="0">
  <reporter-output>
  </reporter-output>
  <suite started-at="2021-01-25T03:52:50Z" name="Default suite" finished-at="2021-01-25T03:52:53Z" duration-ms="2166">
    <groups>
    </groups>
    <test started-at="2021-01-25T03:52:50Z" name="Default test" finished-at="2021-01-25T03:52:53Z" duration-ms="2166">
      <class name="testcases.logintc">
        <test-method signature="log()[pri:0, instance:testcases.logintc@287f94b1]" started-at="2021-01-25T09:22:51Z" name="log" finished-at="2021-01-25T09:22:53Z" duration-ms="2088" status="PASS">
          <reporter-output>
          </reporter-output>
        </test-method> <!-- log -->
      </class> <!-- testcases.logintc -->
    </test> <!-- Default test -->
  </suite> <!-- Default suite -->
</testng-results>
